0 info it worked if it ends with ok
1 verbose cli [ '/usr/local/Cellar/node/0.10.26/bin/node',
1 verbose cli   '/usr/local/bin/npm',
1 verbose cli   'publish',
1 verbose cli   '--force' ]
2 info using npm@1.4.3
3 info using node@v0.10.26
4 warn using --force I sure hope you know what you are doing.
5 verbose publish [ '.' ]
6 verbose cache add [ '.', null ]
7 verbose cache add name=undefined spec="." args=[".",null]
8 verbose parsed url { protocol: null,
8 verbose parsed url   slashes: null,
8 verbose parsed url   auth: null,
8 verbose parsed url   host: null,
8 verbose parsed url   port: null,
8 verbose parsed url   hostname: null,
8 verbose parsed url   hash: null,
8 verbose parsed url   search: null,
8 verbose parsed url   query: null,
8 verbose parsed url   pathname: '.',
8 verbose parsed url   path: '.',
8 verbose parsed url   href: '.' }
9 silly lockFile 3a52ce78- .
10 verbose lock . /Users/fka/.npm/3a52ce78-.lock
11 verbose tar pack [ '/var/folders/fl/rdn2hblx5qd8jy2yqs4m1zl00000gn/T/npm-95732-SQOSMmfV/1400172148704-0.7727941004559398/tmp.tgz',
11 verbose tar pack   '.' ]
12 verbose tarball /var/folders/fl/rdn2hblx5qd8jy2yqs4m1zl00000gn/T/npm-95732-SQOSMmfV/1400172148704-0.7727941004559398/tmp.tgz
13 verbose folder .
14 info prepublish atom-term.js@0.0.4
15 silly lockFile 1f1177db-tar tar://.
16 verbose lock tar://. /Users/fka/.npm/1f1177db-tar.lock
17 silly lockFile 314da06b-48704-0-7727941004559398-tmp-tgz tar:///var/folders/fl/rdn2hblx5qd8jy2yqs4m1zl00000gn/T/npm-95732-SQOSMmfV/1400172148704-0.7727941004559398/tmp.tgz
18 verbose lock tar:///var/folders/fl/rdn2hblx5qd8jy2yqs4m1zl00000gn/T/npm-95732-SQOSMmfV/1400172148704-0.7727941004559398/tmp.tgz /Users/fka/.npm/314da06b-48704-0-7727941004559398-tmp-tgz.lock
19 silly lockFile 1f1177db-tar tar://.
20 silly lockFile 1f1177db-tar tar://.
21 silly lockFile 314da06b-48704-0-7727941004559398-tmp-tgz tar:///var/folders/fl/rdn2hblx5qd8jy2yqs4m1zl00000gn/T/npm-95732-SQOSMmfV/1400172148704-0.7727941004559398/tmp.tgz
22 silly lockFile 314da06b-48704-0-7727941004559398-tmp-tgz tar:///var/folders/fl/rdn2hblx5qd8jy2yqs4m1zl00000gn/T/npm-95732-SQOSMmfV/1400172148704-0.7727941004559398/tmp.tgz
23 verbose tar unpack /var/folders/fl/rdn2hblx5qd8jy2yqs4m1zl00000gn/T/npm-95732-SQOSMmfV/1400172148704-0.7727941004559398/tmp.tgz
24 silly lockFile 882a1b5e-48704-0-7727941004559398-package tar:///var/folders/fl/rdn2hblx5qd8jy2yqs4m1zl00000gn/T/npm-95732-SQOSMmfV/1400172148704-0.7727941004559398/package
25 verbose lock tar:///var/folders/fl/rdn2hblx5qd8jy2yqs4m1zl00000gn/T/npm-95732-SQOSMmfV/1400172148704-0.7727941004559398/package /Users/fka/.npm/882a1b5e-48704-0-7727941004559398-package.lock
26 silly lockFile 314da06b-48704-0-7727941004559398-tmp-tgz tar:///var/folders/fl/rdn2hblx5qd8jy2yqs4m1zl00000gn/T/npm-95732-SQOSMmfV/1400172148704-0.7727941004559398/tmp.tgz
27 verbose lock tar:///var/folders/fl/rdn2hblx5qd8jy2yqs4m1zl00000gn/T/npm-95732-SQOSMmfV/1400172148704-0.7727941004559398/tmp.tgz /Users/fka/.npm/314da06b-48704-0-7727941004559398-tmp-tgz.lock
28 silly gunzTarPerm modes [ '755', '644' ]
29 silly gunzTarPerm extractEntry package.json
30 silly gunzTarPerm extractEntry .npmignore
31 silly gunzTarPerm extractEntry README.md
32 silly gunzTarPerm extractEntry LICENSE
33 silly gunzTarPerm extractEntry index.js
34 silly gunzTarPerm extractEntry Makefile
35 silly gunzTarPerm extractEntry example/index.js
36 silly gunzTarPerm extractEntry example/index.html
37 silly gunzTarPerm extractEntry lib/index.js
38 silly gunzTarPerm extractEntry src/term.js
39 silly lockFile 882a1b5e-48704-0-7727941004559398-package tar:///var/folders/fl/rdn2hblx5qd8jy2yqs4m1zl00000gn/T/npm-95732-SQOSMmfV/1400172148704-0.7727941004559398/package
40 silly lockFile 882a1b5e-48704-0-7727941004559398-package tar:///var/folders/fl/rdn2hblx5qd8jy2yqs4m1zl00000gn/T/npm-95732-SQOSMmfV/1400172148704-0.7727941004559398/package
41 silly lockFile 314da06b-48704-0-7727941004559398-tmp-tgz tar:///var/folders/fl/rdn2hblx5qd8jy2yqs4m1zl00000gn/T/npm-95732-SQOSMmfV/1400172148704-0.7727941004559398/tmp.tgz
42 silly lockFile 314da06b-48704-0-7727941004559398-tmp-tgz tar:///var/folders/fl/rdn2hblx5qd8jy2yqs4m1zl00000gn/T/npm-95732-SQOSMmfV/1400172148704-0.7727941004559398/tmp.tgz
43 verbose tar pack [ '/Users/fka/.npm/atom-term.js/0.0.4/package.tgz',
43 verbose tar pack   '/var/folders/fl/rdn2hblx5qd8jy2yqs4m1zl00000gn/T/npm-95732-SQOSMmfV/1400172148704-0.7727941004559398/package' ]
44 verbose tarball /Users/fka/.npm/atom-term.js/0.0.4/package.tgz
45 verbose folder /var/folders/fl/rdn2hblx5qd8jy2yqs4m1zl00000gn/T/npm-95732-SQOSMmfV/1400172148704-0.7727941004559398/package
46 silly lockFile 882a1b5e-48704-0-7727941004559398-package tar:///var/folders/fl/rdn2hblx5qd8jy2yqs4m1zl00000gn/T/npm-95732-SQOSMmfV/1400172148704-0.7727941004559398/package
47 verbose lock tar:///var/folders/fl/rdn2hblx5qd8jy2yqs4m1zl00000gn/T/npm-95732-SQOSMmfV/1400172148704-0.7727941004559398/package /Users/fka/.npm/882a1b5e-48704-0-7727941004559398-package.lock
48 silly lockFile 12716532-m-atom-term-js-0-0-4-package-tgz tar:///Users/fka/.npm/atom-term.js/0.0.4/package.tgz
49 verbose lock tar:///Users/fka/.npm/atom-term.js/0.0.4/package.tgz /Users/fka/.npm/12716532-m-atom-term-js-0-0-4-package-tgz.lock
50 silly lockFile 882a1b5e-48704-0-7727941004559398-package tar:///var/folders/fl/rdn2hblx5qd8jy2yqs4m1zl00000gn/T/npm-95732-SQOSMmfV/1400172148704-0.7727941004559398/package
51 silly lockFile 882a1b5e-48704-0-7727941004559398-package tar:///var/folders/fl/rdn2hblx5qd8jy2yqs4m1zl00000gn/T/npm-95732-SQOSMmfV/1400172148704-0.7727941004559398/package
52 silly lockFile 12716532-m-atom-term-js-0-0-4-package-tgz tar:///Users/fka/.npm/atom-term.js/0.0.4/package.tgz
53 silly lockFile 12716532-m-atom-term-js-0-0-4-package-tgz tar:///Users/fka/.npm/atom-term.js/0.0.4/package.tgz
54 silly lockFile 6d732ca4-a-npm-atom-term-js-0-0-4-package /Users/fka/.npm/atom-term.js/0.0.4/package
55 verbose lock /Users/fka/.npm/atom-term.js/0.0.4/package /Users/fka/.npm/6d732ca4-a-npm-atom-term-js-0-0-4-package.lock
56 silly lockFile 6d732ca4-a-npm-atom-term-js-0-0-4-package /Users/fka/.npm/atom-term.js/0.0.4/package
57 silly lockFile 6d732ca4-a-npm-atom-term-js-0-0-4-package /Users/fka/.npm/atom-term.js/0.0.4/package
58 verbose tar unpack /Users/fka/.npm/atom-term.js/0.0.4/package.tgz
59 silly lockFile 1d88e1c3-a-npm-atom-term-js-0-0-4-package tar:///Users/fka/.npm/atom-term.js/0.0.4/package
60 verbose lock tar:///Users/fka/.npm/atom-term.js/0.0.4/package /Users/fka/.npm/1d88e1c3-a-npm-atom-term-js-0-0-4-package.lock
61 silly lockFile 12716532-m-atom-term-js-0-0-4-package-tgz tar:///Users/fka/.npm/atom-term.js/0.0.4/package.tgz
62 verbose lock tar:///Users/fka/.npm/atom-term.js/0.0.4/package.tgz /Users/fka/.npm/12716532-m-atom-term-js-0-0-4-package-tgz.lock
63 silly gunzTarPerm modes [ '755', '644' ]
64 silly gunzTarPerm extractEntry package.json
65 silly gunzTarPerm extractEntry .npmignore
66 silly gunzTarPerm extractEntry README.md
67 silly gunzTarPerm extractEntry LICENSE
68 silly gunzTarPerm extractEntry index.js
69 silly gunzTarPerm extractEntry Makefile
70 silly gunzTarPerm extractEntry example/index.js
71 silly gunzTarPerm extractEntry example/index.html
72 silly gunzTarPerm extractEntry lib/index.js
73 silly gunzTarPerm extractEntry src/term.js
74 silly lockFile 1d88e1c3-a-npm-atom-term-js-0-0-4-package tar:///Users/fka/.npm/atom-term.js/0.0.4/package
75 silly lockFile 1d88e1c3-a-npm-atom-term-js-0-0-4-package tar:///Users/fka/.npm/atom-term.js/0.0.4/package
76 silly lockFile 12716532-m-atom-term-js-0-0-4-package-tgz tar:///Users/fka/.npm/atom-term.js/0.0.4/package.tgz
77 silly lockFile 12716532-m-atom-term-js-0-0-4-package-tgz tar:///Users/fka/.npm/atom-term.js/0.0.4/package.tgz
78 verbose chmod /Users/fka/.npm/atom-term.js/0.0.4/package.tgz 644
79 verbose chown /Users/fka/.npm/atom-term.js/0.0.4/package.tgz [ 501, 20 ]
80 silly lockFile 3a52ce78- .
81 silly lockFile 3a52ce78- .
82 silly publish { name: 'atom-term.js',
82 silly publish   description: 'A terminal written in JavaScript, fork for Atom Term2 package',
82 silly publish   author: { name: 'Fatih Kadir Akin' },
82 silly publish   version: '0.0.4',
82 silly publish   main: './index.js',
82 silly publish   preferGlobal: false,
82 silly publish   repository: { type: 'git', url: 'git://github.com/webBoxio/term.js.git' },
82 silly publish   homepage: 'https://github.com/webBoxio/term.js',
82 silly publish   bugs: { url: 'https://github.com/webBoxio/term.js/issues' },
82 silly publish   keywords: [ 'tty', 'terminal', 'term', 'xterm' ],
82 silly publish   tags: [ 'tty', 'terminal', 'term', 'xterm' ],
82 silly publish   engines: { node: '>= 0.8.0' },
82 silly publish   devDependencies: { express: '3.1.0', 'socket.io': '0.9.13', 'pty.js': '0.2.4' },
82 silly publish   readme: '# term.js\n\nA full xterm clone written in javascript. Used by\n[**tty.js**](https://github.com/chjj/tty.js).\n\n## Example\n\nServer:\n\n``` js\nvar term = require(\'term.js\');\napp.use(term.middleware());\n...\n```\n\nClient:\n\n``` js\nwindow.addEventListener(\'load\', function() {\n  var socket = io.connect();\n  socket.on(\'connect\', function() {\n    var term = new Terminal({\n      cols: 80,\n      rows: 24,\n      screenKeys: true\n    });\n\n    term.on(\'data\', function(data) {\n      socket.emit(\'data\', data);\n    });\n\n    term.on(\'title\', function(title) {\n      document.title = title;\n    });\n\n    term.open(document.body);\n\n    term.write(\'\\x1b[31mWelcome to term.js!\\x1b[m\\r\\n\');\n\n    socket.on(\'data\', function(data) {\n      term.write(data);\n    });\n\n    socket.on(\'disconnect\', function() {\n      term.destroy();\n    });\n  });\n}, false);\n```\n\n## Tmux-like\n\nWhile term.js has always supported copy/paste using the mouse, it now also\nsupports several keyboard based solutions for copy/paste.\n\nterm.js includes a tmux-like selection mode (enabled with the `screenKeys`\noption) which makes copy and paste very simple. `Ctrl-A` enters `prefix` mode,\nfrom here you can type `Ctrl-V` to paste. Press `[` in prefix mode to enter\nselection mode. To select text press `v` (or `space`) to enter visual mode, use\n`hjkl` to navigate and create a selection, and press `Ctrl-C` to copy.\n\n`Ctrl-C` (in visual mode) and `Ctrl-V` (in prefix mode) should work in any OS\nfor copy and paste. `y` (in visual mode) will work for copying only on X11\nsystems. It will copy to the primary selection.\n\nNote: `Ctrl-C` will also work in prefix mode for the regular OS/browser\nselection. If you want to select text with your mouse and copy it to the\nclipboard, simply select the text and type `Ctrl-A + Ctrl-C`, and\n`Ctrl-A + Ctrl-V` to paste it.\n\nFor mac users: consider `Ctrl` to be `Command/Apple` above.\n\n## Contribution and License Agreement\n\nIf you contribute code to this project, you are implicitly allowing your code\nto be distributed under the MIT license. You are also implicitly verifying that\nall code is your original work. `</legalese>`\n\n## License\n\nCopyright (c) 2012-2013, Christopher Jeffrey (MIT License)\n',
82 silly publish   readmeFilename: 'README.md',
82 silly publish   _id: 'atom-term.js@0.0.4',
82 silly publish   dist: { shasum: 'c44130c3632f30b828807efc0bad41f6da508846' },
82 silly publish   _from: '.' }
83 verbose url raw atom-term.js
84 verbose url resolving [ 'https://registry.npmjs.org/', './atom-term.js' ]
85 verbose url resolved https://registry.npmjs.org/atom-term.js
86 info trying registry request attempt 1 at 19:42:28
87 http PUT https://registry.npmjs.org/atom-term.js
88 http 403 https://registry.npmjs.org/atom-term.js
89 error publish Failed PUT 403
90 error Error: forbidden cannot modify pre-existing version: 0.0.4
90 error old={"name":"atom-term.js","description":"A terminal written in JavaScript, fork for Atom Term2 package","author":{"name":"Fatih Kadir Akin"},"version":"0.0.4","main":"./index.js","preferGlobal":false,"repository":{"type":"git","url":"git://github.com/webBoxio/term.js.git"},"homepage":"https://github.com/webBoxio/term.js","bugs":{"url":"https://github.com/webBoxio/term.js/issues"},"keywords":["tty","terminal","term","xterm"],"tags":["tty","terminal","term","xterm"],"engines":{"node":">= 0.8.0"},"devDependencies":{"express":"3.1.0","socket.io":"0.9.13","pty.js":"0.2.4"},"_id":"atom-term.js@0.0.4","dist":{"shasum":"15c6191946755ddec71ba078e5f7cd3fc8109099","tarball":"http://registry.npmjs.org/atom-term.js/-/atom-term.js-0.0.4.tgz"},"_from":".","_npmVersion":"1.4.3","_npmUser":{"name":"fkadev","email":"fka@fatihak.in"},"maintainers":[{"name":"fkadev","email":"fka@fatihak.in"}]}
90 error new={"name":"atom-term.js","description":"A terminal written in JavaScript, fork for Atom Term2 package","author":{"name":"Fatih Kadir Akin"},"version":"0.0.4","main":"./index.js","preferGlobal":false,"repository":{"type":"git","url":"git://github.com/webBoxio/term.js.git"},"homepage":"https://github.com/webBoxio/term.js","bugs":{"url":"https://github.com/webBoxio/term.js/issues"},"keywords":["tty","terminal","term","xterm"],"tags":["tty","terminal","term","xterm"],"engines":{"node":">= 0.8.0"},"devDependencies":{"express":"3.1.0","socket.io":"0.9.13","pty.js":"0.2.4"},"readme":"# term.js\u000a\u000aA full xterm clone written in javascript. Used by\u000a[**tty.js**](https://github.com/chjj/tty.js).\u000a\u000a## Example\u000a\u000aServer:\u000a\u000a``` js\u000avar term = require('term.js');\u000aapp.use(term.middleware());\u000a...\u000a```\u000a\u000aClient:\u000a\u000a``` js\u000awindow.addEventListener('load', function() {\u000a  var socket = io.connect();\u000a  socket.on('connect', function() {\u000a    var term = new Terminal({\u000a      cols: 80,\u000a      rows: 24,\u000a      screenKeys: true\u000a    });\u000a\u000a    term.on('data', function(data) {\u000a      socket.emit('data', data);\u000a    });\u000a\u000a    term.on('title', function(title) {\u000a      document.title = title;\u000a    });\u000a\u000a    term.open(document.body);\u000a\u000a    term.write('\\x1b[31mWelcome to term.js!\\x1b[m\\r\\n');\u000a\u000a    socket.on('data', function(data) {\u000a      term.write(data);\u000a    });\u000a\u000a    socket.on('disconnect', function() {\u000a      term.destroy();\u000a    });\u000a  });\u000a}, false);\u000a```\u000a\u000a## Tmux-like\u000a\u000aWhile term.js has always supported copy/paste using the mouse, it now also\u000asupports several keyboard based solutions for copy/paste.\u000a\u000aterm.js includes a tmux-like selection mode (enabled with the `screenKeys`\u000aoption) which makes copy and paste very simple. `Ctrl-A` enters `prefix` mode,\u000afrom here you can type `Ctrl-V` to paste. Press `[` in prefix mode to enter\u000aselection mode. To select text press `v` (or `space`) to enter visual mode, use\u000a`hjkl` to navigate and create a selection, and press `Ctrl-C` to copy.\u000a\u000a`Ctrl-C` (in visual mode) and `Ctrl-V` (in prefix mode) should work in any OS\u000afor copy and paste. `y` (in visual mode) will work for copying only on X11\u000asystems. It will copy to the primary selection.\u000a\u000aNote: `Ctrl-C` will also work in prefix mode for the regular OS/browser\u000aselection. If you want to select text with your mouse and copy it to the\u000aclipboard, simply select the text and type `Ctrl-A + Ctrl-C`, and\u000a`Ctrl-A + Ctrl-V` to paste it.\u000a\u000aFor mac users: consider `Ctrl` to be `Command/Apple` above.\u000a\u000a## Contribution and License Agreement\u000a\u000aIf you contribute code to this project, you are implicitly allowing your code\u000ato be distributed under the MIT license. You are also implicitly verifying that\u000aall code is your original work. `</legalese>`\u000a\u000a## License\u000a\u000aCopyright (c) 2012-2013, Christopher Jeffrey (MIT License)\u000a","readmeFilename":"README.md","_id":"atom-term.js@0.0.4","dist":{"shasum":"c44130c3632f30b828807efc0bad41f6da508846","tarball":"http://registry.npmjs.org/atom-term.js/-/atom-term.js-0.0.4.tgz"},"_from":".","_npmVersion":"1.4.3","_npmUser":{"name":"fkadev","email":"fka@fatihak.in"},"maintainers":[{"name":"fkadev","email":"fka@fatihak.in"}]}: atom-term.js
90 error     at RegClient.<anonymous> (/usr/local/Cellar/node/0.10.26/lib/node_modules/npm/node_modules/npm-registry-client/lib/request.js:237:14)
90 error     at Request.self.callback (/usr/local/Cellar/node/0.10.26/lib/node_modules/npm/node_modules/request/request.js:123:22)
90 error     at Request.EventEmitter.emit (events.js:98:17)
90 error     at Request.<anonymous> (/usr/local/Cellar/node/0.10.26/lib/node_modules/npm/node_modules/request/request.js:893:14)
90 error     at Request.EventEmitter.emit (events.js:117:20)
90 error     at IncomingMessage.<anonymous> (/usr/local/Cellar/node/0.10.26/lib/node_modules/npm/node_modules/request/request.js:844:12)
90 error     at IncomingMessage.EventEmitter.emit (events.js:117:20)
90 error     at _stream_readable.js:920:16
90 error     at process._tickCallback (node.js:415:13)
91 error If you need help, you may report this *entire* log,
91 error including the npm and node versions, at:
91 error     <http://github.com/npm/npm/issues>
92 error System Darwin 13.1.0
93 error command "/usr/local/Cellar/node/0.10.26/bin/node" "/usr/local/bin/npm" "publish" "--force"
94 error cwd /Users/fka/Code/atom-term.js
95 error node -v v0.10.26
96 error npm -v 1.4.3
97 verbose exit [ 1, true ]
